[debug] [2025-08-12T16:54:52.981Z] ----------------------------------------------------------------------
[debug] [2025-08-12T16:54:52.987Z] Command:       /usr/local/bin/node /usr/local/bin/firebase init hosting:github
[debug] [2025-08-12T16:54:52.987Z] CLI Version:   14.12.0
[debug] [2025-08-12T16:54:52.987Z] Platform:      darwin
[debug] [2025-08-12T16:54:52.987Z] Node Version:  v22.16.0
[debug] [2025-08-12T16:54:52.987Z] Time:          Tue Aug 12 2025 09:54:52 GMT-0700 (Pacific Daylight Time)
[debug] [2025-08-12T16:54:52.987Z] ----------------------------------------------------------------------
[debug] 
[debug] [2025-08-12T16:54:52.991Z] > command requires scopes: ["email","openid","https://www.googleapis.com/auth/cloudplatformprojects.readonly","https://www.googleapis.com/auth/firebase","https://www.googleapis.com/auth/cloud-platform"]
[debug] [2025-08-12T16:54:52.991Z] > authorizing via signed-in user (kaytki.chak@gmail.com)
[info] 
     ######## #### ########  ######## ########     ###     ######  ########
     ##        ##  ##     ## ##       ##     ##  ##   ##  ##       ##
     ######    ##  ########  ######   ########  #########  ######  ######
     ##        ##  ##    ##  ##       ##     ## ##     ##       ## ##
     ##       #### ##     ## ######## ########  ##     ##  ######  ########

You're about to initialize a Firebase project in this directory:

  /Users/kaytkichakankar/robotics/logistics-app/janksters_logistics_app

[info] 
=== Project Setup
[info] 
[info] First, let's associate this project directory with a Firebase project.
[info] You can create multiple project aliases by running firebase use --add, 
[info] but for now we'll just set up a default project.
[info] 
[debug] [2025-08-12T16:55:00.530Z] ExitPromptError: User force closed the prompt with SIGINT
    at Interface.sigint (/usr/local/lib/node_modules/firebase-tools/node_modules/@inquirer/core/dist/commonjs/lib/create-prompt.js:101:37)
    at Interface.emit (node:events:518:28)
    at Interface.emit (node:domain:489:12)
    at [_ttyWrite] [as _ttyWrite] (node:internal/readline/interface:1128:18)
    at ReadStream.onkeypress (node:internal/readline/interface:267:20)
    at ReadStream.emit (node:events:530:35)
    at ReadStream.emit (node:domain:489:12)
    at emitKeys (node:internal/readline/utils:370:14)
    at emitKeys.next (<anonymous>)
    at ReadStream.onData (node:internal/readline/emitKeypressEvents:64:36)
[error] 
[error] Error: An unexpected error has occurred.
